<?xml version="1.0" encoding="UTF-8"?>
<testsuite name="com.tcn.sdk.springdemo.MainActivityTest2" tests="1" skipped="0" failures="1" errors="0" timestamp="2023-11-24T21:58:05" hostname="ACERD" time="8.602">
  <properties/>
  <testcase name="shouldNotBeNull2" classname="com.tcn.sdk.springdemo.MainActivityTest2" time="8.602">
    <failure message="android.content.res.Resources$NotFoundException: Resource ID #0x7f080058" type="android.content.res.Resources$NotFoundException">android.content.res.Resources$NotFoundException: Resource ID #0x7f080058
	at android.content.res.ResourcesImpl.getValue(ResourcesImpl.java:190)
	at android.content.res.Resources.getValue(Resources.java:1290)
	at android.support.v7.widget.AppCompatDrawableManager.createDrawableIfNeeded(AppCompatDrawableManager.java:234)
	at android.support.v7.widget.AppCompatDrawableManager.getDrawable(AppCompatDrawableManager.java:197)
	at android.support.v7.widget.AppCompatDrawableManager.getDrawable(AppCompatDrawableManager.java:188)
	at android.support.v7.widget.AppCompatDrawableManager.checkVectorDrawableSetup(AppCompatDrawableManager.java:755)
	at android.support.v7.widget.AppCompatDrawableManager.getDrawable(AppCompatDrawableManager.java:193)
	at android.support.v7.widget.TintTypedArray.getDrawableIfKnown(TintTypedArray.java:87)
	at android.support.v7.app.AppCompatDelegateImplBase.__constructor__(AppCompatDelegateImplBase.java:128)
	at android.support.v7.app.AppCompatDelegateImplBase.&lt;init&gt;(AppCompatDelegateImplBase.java)
	at android.support.v7.app.AppCompatDelegateImplV9.&lt;init&gt;(AppCompatDelegateImplV9.java)
	at android.support.v7.app.AppCompatDelegateImplV11.&lt;init&gt;(AppCompatDelegateImplV11.java)
	at android.support.v7.app.AppCompatDelegateImplV14.&lt;init&gt;(AppCompatDelegateImplV14.java)
	at android.support.v7.app.AppCompatDelegateImplV23.&lt;init&gt;(AppCompatDelegateImplV23.java)
	at android.support.v7.app.AppCompatDelegateImplN.&lt;init&gt;(AppCompatDelegateImplN.java)
	at android.support.v7.app.AppCompatDelegate.create(AppCompatDelegate.java:198)
	at android.support.v7.app.AppCompatDelegate.create(AppCompatDelegate.java:183)
	at android.support.v7.app.AppCompatActivity.getDelegate(AppCompatActivity.java:519)
	at android.support.v7.app.AppCompatActivity.onCreate(AppCompatActivity.java:70)
	at com.tcn.sdk.springdemo.presentation.TcnMainActivity.onCreate(TcnMainActivity.java:25)
	at com.tcn.sdk.springdemo.presentation.MainActivity.onCreate(MainActivity.java:99)
	at android.app.Activity.performCreate(Activity.java:6679)
	at org.robolectric.util.ReflectionHelpers.callInstanceMethod(ReflectionHelpers.java:249)
	at org.robolectric.android.controller.ActivityController$1.run(ActivityController.java:74)
	at org.robolectric.shadows.ShadowLooper.runPaused(ShadowLooper.java:364)
	at org.robolectric.android.controller.ActivityController.create(ActivityController.java:71)
	at org.robolectric.android.controller.ActivityController.create(ActivityController.java:81)
	at org.robolectric.android.controller.ActivityController.setup(ActivityController.java:168)
	at org.robolectric.Robolectric.setupActivity(Robolectric.java:106)
	at com.tcn.sdk.springdemo.MainActivityTest2.setup(MainActivityTest2.java:35)
	at org.junit.runners.model.FrameworkMethod$1.runReflectiveCall(FrameworkMethod.java:50)
	at org.junit.internal.runners.model.ReflectiveCallable.run(ReflectiveCallable.java:12)
	at org.junit.runners.model.FrameworkMethod.invokeExplosively(FrameworkMethod.java:47)
	at org.junit.internal.runners.statements.RunBefores.evaluate(RunBefores.java:24)
	at org.robolectric.internal.SandboxTestRunner$2.evaluate(SandboxTestRunner.java:249)
	at org.robolectric.internal.SandboxTestRunner.runChild(SandboxTestRunner.java:123)
	at org.robolectric.internal.SandboxTestRunner.runChild(SandboxTestRunner.java:42)
	at org.junit.runners.ParentRunner$3.run(ParentRunner.java:290)
	at org.junit.runners.ParentRunner$1.schedule(ParentRunner.java:71)
	at org.junit.runners.ParentRunner.runChildren(ParentRunner.java:288)
	at org.junit.runners.ParentRunner.access$000(ParentRunner.java:58)
	at org.junit.runners.ParentRunner$2.evaluate(ParentRunner.java:268)
	at org.robolectric.internal.SandboxTestRunner$1.evaluate(SandboxTestRunner.java:77)
	at org.junit.runners.ParentRunner.run(ParentRunner.java:363)
	at org.gradle.api.internal.tasks.testing.junit.JUnitTestClassExecutor.runTestClass(JUnitTestClassExecutor.java:110)
	at org.gradle.api.internal.tasks.testing.junit.JUnitTestClassExecutor.execute(JUnitTestClassExecutor.java:58)
	at org.gradle.api.internal.tasks.testing.junit.JUnitTestClassExecutor.execute(JUnitTestClassExecutor.java:38)
	at org.gradle.api.internal.tasks.testing.junit.AbstractJUnitTestClassProcessor.processTestClass(AbstractJUnitTestClassProcessor.java:62)
	at org.gradle.api.internal.tasks.testing.SuiteTestClassProcessor.processTestClass(SuiteTestClassProcessor.java:51)
	at org.gradle.internal.dispatch.ReflectionDispatch.dispatch(ReflectionDispatch.java:36)
	at org.gradle.internal.dispatch.ReflectionDispatch.dispatch(ReflectionDispatch.java:24)
	at org.gradle.internal.dispatch.ContextClassLoaderDispatch.dispatch(ContextClassLoaderDispatch.java:33)
	at org.gradle.internal.dispatch.ProxyDispatchAdapter$DispatchingInvocationHandler.invoke(ProxyDispatchAdapter.java:94)
	at com.sun.proxy.$Proxy2.processTestClass(Unknown Source)
	at org.gradle.api.internal.tasks.testing.worker.TestWorker.processTestClass(TestWorker.java:119)
	at org.gradle.internal.dispatch.ReflectionDispatch.dispatch(ReflectionDispatch.java:36)
	at org.gradle.internal.dispatch.ReflectionDispatch.dispatch(ReflectionDispatch.java:24)
	at org.gradle.internal.remote.internal.hub.MessageHubBackedObjectConnection$DispatchWrapper.dispatch(MessageHubBackedObjectConnection.java:182)
	at org.gradle.internal.remote.internal.hub.MessageHubBackedObjectConnection$DispatchWrapper.dispatch(MessageHubBackedObjectConnection.java:164)
	at org.gradle.internal.remote.internal.hub.MessageHub$Handler.run(MessageHub.java:414)
	at org.gradle.internal.concurrent.ExecutorPolicy$CatchAndRecordFailures.onExecute(ExecutorPolicy.java:64)
	at org.gradle.internal.concurrent.ManagedExecutorImpl$1.run(ManagedExecutorImpl.java:48)
	at java.util.concurrent.ThreadPoolExecutor.runWorker(ThreadPoolExecutor.java:1149)
	at java.util.concurrent.ThreadPoolExecutor$Worker.run(ThreadPoolExecutor.java:624)
	at org.gradle.internal.concurrent.ThreadFactoryImpl$ManagedThreadRunnable.run(ThreadFactoryImpl.java:56)
	at java.lang.Thread.run(Thread.java:750)
</failure>
  </testcase>
  <system-out><![CDATA[WARNING: No manifest file found at build\intermediates\bundles\debug\--none.
Falling back to the Android OS resources only.
To remove this warning, annotate your test class with @Config(manifest=Config.NONE).
]]></system-out>
  <system-err><![CDATA[No such manifest file: build\intermediates\bundles\debug\--none
]]></system-err>
</testsuite>
